2016-09-27 11:50:19  [ main:0 ] - [ DEBUG ]  CookieSpec selected: default
2016-09-27 11:50:19  [ main:22 ] - [ DEBUG ]  Auth cache not set in the context
2016-09-27 11:50:19  [ main:23 ] - [ DEBUG ]  Connection request: [route: {}->http://www.baidu.com:80][total kept alive: 0; route allocated: 0 of 2; total allocated: 0 of 20]
2016-09-27 11:50:19  [ main:37 ] - [ DEBUG ]  Connection leased: [id: 0][route: {}->http://www.baidu.com:80][total kept alive: 0; route allocated: 1 of 2; total allocated: 1 of 20]
2016-09-27 11:50:19  [ main:38 ] - [ DEBUG ]  Opening connection {}->http://www.baidu.com:80
2016-09-27 11:50:19  [ main:69 ] - [ DEBUG ]  Connecting to www.baidu.com/61.135.169.121:80
2016-09-27 11:50:20  [ main:124 ] - [ DEBUG ]  Connection established 10.12.129.51:51130<->61.135.169.121:80
2016-09-27 11:50:20  [ main:124 ] - [ DEBUG ]  Executing request GET / HTTP/1.1
2016-09-27 11:50:20  [ main:124 ] - [ DEBUG ]  Target auth state: UNCHALLENGED
2016-09-27 11:50:20  [ main:125 ] - [ DEBUG ]  Proxy auth state: UNCHALLENGED
2016-09-27 11:50:20  [ main:127 ] - [ DEBUG ]  http-outgoing-0 >> GET / HTTP/1.1
2016-09-27 11:50:20  [ main:127 ] - [ DEBUG ]  http-outgoing-0 >> Host: www.baidu.com
2016-09-27 11:50:20  [ main:127 ] - [ DEBUG ]  http-outgoing-0 >> Connection: Keep-Alive
2016-09-27 11:50:20  [ main:127 ] - [ DEBUG ]  http-outgoing-0 >> User-Agent: Apache-HttpClient/4.5.2 (Java/1.7.0_79)
2016-09-27 11:50:20  [ main:128 ] - [ DEBUG ]  http-outgoing-0 >> Accept-Encoding: gzip,deflate
2016-09-27 11:50:20  [ main:128 ] - [ DEBUG ]  http-outgoing-0 >> "GET / HTTP/1.1[\r][\n]"
2016-09-27 11:50:20  [ main:129 ] - [ DEBUG ]  http-outgoing-0 >> "Host: www.baidu.com[\r][\n]"
2016-09-27 11:50:20  [ main:129 ] - [ DEBUG ]  http-outgoing-0 >> "Connection: Keep-Alive[\r][\n]"
2016-09-27 11:50:20  [ main:130 ] - [ DEBUG ]  http-outgoing-0 >> "User-Agent: Apache-HttpClient/4.5.2 (Java/1.7.0_79)[\r][\n]"
2016-09-27 11:50:20  [ main:130 ] - [ DEBUG ]  http-outgoing-0 >> "Accept-Encoding: gzip,deflate[\r][\n]"
2016-09-27 11:50:20  [ main:130 ] - [ DEBUG ]  http-outgoing-0 >> "[\r][\n]"
2016-09-27 11:50:20  [ main:138 ] - [ DEBUG ]  http-outgoing-0 << "HTTP/1.1 200 OK[\r][\n]"
2016-09-27 11:50:20  [ main:139 ] - [ DEBUG ]  http-outgoing-0 << "Server: bfe/1.0.8.18[\r][\n]"
2016-09-27 11:50:20  [ main:139 ] - [ DEBUG ]  http-outgoing-0 << "Date: Tue, 27 Sep 2016 03:50:20 GMT[\r][\n]"
2016-09-27 11:50:20  [ main:139 ] - [ DEBUG ]  http-outgoing-0 << "Content-Type: text/html[\r][\n]"
2016-09-27 11:50:20  [ main:139 ] - [ DEBUG ]  http-outgoing-0 << "Last-Modified: Mon, 25 Jul 2016 11:11:28 GMT[\r][\n]"
2016-09-27 11:50:20  [ main:140 ] - [ DEBUG ]  http-outgoing-0 << "Transfer-Encoding: chunked[\r][\n]"
2016-09-27 11:50:20  [ main:140 ] - [ DEBUG ]  http-outgoing-0 << "Connection: Keep-Alive[\r][\n]"
2016-09-27 11:50:20  [ main:140 ] - [ DEBUG ]  http-outgoing-0 << "Cache-Control: private, no-cache, no-store, proxy-revalidate, no-transform[\r][\n]"
2016-09-27 11:50:20  [ main:140 ] - [ DEBUG ]  http-outgoing-0 << "Pragma: no-cache[\r][\n]"
2016-09-27 11:50:20  [ main:140 ] - [ DEBUG ]  http-outgoing-0 << "Set-Cookie: BDORZ=27315; max-age=86400; domain=.baidu.com; path=/[\r][\n]"
2016-09-27 11:50:20  [ main:141 ] - [ DEBUG ]  http-outgoing-0 << "Content-Encoding: gzip[\r][\n]"
2016-09-27 11:50:20  [ main:141 ] - [ DEBUG ]  http-outgoing-0 << "[\r][\n]"
2016-09-27 11:50:20  [ main:143 ] - [ DEBUG ]  http-outgoing-0 << HTTP/1.1 200 OK
2016-09-27 11:50:20  [ main:143 ] - [ DEBUG ]  http-outgoing-0 << Server: bfe/1.0.8.18
2016-09-27 11:50:20  [ main:144 ] - [ DEBUG ]  http-outgoing-0 << Date: Tue, 27 Sep 2016 03:50:20 GMT
2016-09-27 11:50:20  [ main:144 ] - [ DEBUG ]  http-outgoing-0 << Content-Type: text/html
2016-09-27 11:50:20  [ main:144 ] - [ DEBUG ]  http-outgoing-0 << Last-Modified: Mon, 25 Jul 2016 11:11:28 GMT
2016-09-27 11:50:20  [ main:144 ] - [ DEBUG ]  http-outgoing-0 << Transfer-Encoding: chunked
2016-09-27 11:50:20  [ main:144 ] - [ DEBUG ]  http-outgoing-0 << Connection: Keep-Alive
2016-09-27 11:50:20  [ main:144 ] - [ DEBUG ]  http-outgoing-0 << Cache-Control: private, no-cache, no-store, proxy-revalidate, no-transform
2016-09-27 11:50:20  [ main:144 ] - [ DEBUG ]  http-outgoing-0 << Pragma: no-cache
2016-09-27 11:50:20  [ main:145 ] - [ DEBUG ]  http-outgoing-0 << Set-Cookie: BDORZ=27315; max-age=86400; domain=.baidu.com; path=/
2016-09-27 11:50:20  [ main:145 ] - [ DEBUG ]  http-outgoing-0 << Content-Encoding: gzip
2016-09-27 11:50:20  [ main:151 ] - [ DEBUG ]  Connection can be kept alive indefinitely
2016-09-27 11:50:20  [ main:156 ] - [ DEBUG ]  Cookie accepted [BDORZ="27315", version:0, domain:baidu.com, path:/, expiry:null]
2016-09-27 11:50:20  [ main:168 ] - [ DEBUG ]  http-outgoing-0 << "477[\r][\n]"
2016-09-27 11:50:20  [ main:168 ] - [ DEBUG ]  http-outgoing-0 << "[0x1f][0x8b][0x8][0x0][0x0][0x0][0x0][0x0][0x0][0x3][0x85]V[o[0xdc]D[0x14]~G[0xe2]?L[0x8d][0x92][0xb4][0x8a]v[0x9d][0xdd]Ui[0xc9][0xda][0x8e]BH[0xa5][0x88][0x87]V4[0x91][0xe0]i5[0xb6][0xc7][0xeb]i[0xec][0x19][0xe3][0x19][0xaf][0xb3]<5[0x12]E ([0x1][0x95][0x8b][0xa0]H [0x4][\r][0xf]H[\r]"[0x12]UJ[0xda]?[0xb3][0xce][0xe5][0x89][0xbf][0xc0][0x19]{6[0xbb][0x9b]l[0xd4][0xd5]J[0xf6][0x9c]9[0xf3][0x9d][0xef]\[0xc7][0xd6][0x95]wn[0xaf][0xac]pg[0x15][0x85]2[0x8e][0x9c][0xd7]_[0xb3][0xae][0xd4]jw[0xd7][0x97][0xd7]7[0xee][0xa2][0xdb][0xef][0xd6]j[0x8e]U[0xca][0x91][0x15][0x12][0xec];VL$[0x6]M[0x99][0xd4][0xc8][0x87][0x19][0xed][0xd9][0x1e]g[0x92]0Y[0x93][0xfd][0x84] [0xbd][0xb0]%[0xd9][0x92][0xa6]:[0xd6][0xf6]B[0x9c][\n]"
2016-09-27 11:50:20  [ main:168 ] - [ DEBUG ]  http-outgoing-0 << ""[0xed]L[0x6][0xb5][0x9b][0x17]O[0xbf]_[0xdb]X[0xae][0xad][0xf0]8[0xc1][0x92][0xba][0xd1][0x8]`m[0xd5]^[0xf5][0xbb]D[0x1f][0x18][0xc2][0xe2]([0xc7]}[0x81][0x18][0x8e][0x89][0x9d][0x92][0x80][0xa4])I[0x1d]+[0xa2]l[0x13][0xa5]$[0xb2][0x85][0xec]GD[0x84][0x84]H[0xa4][0xd8]T,<!P[0x8][0xca][0xb6][0xe2][0xbc]h[0x9a][0xa2]Qw}![0xc1][0x9e]W[0xf7]xl[0xa6]f[0x9e][0xe7][0xa6][0x87][0xbd][0x90][0x98][0xae][0xcf][0xd3][0x8f]L[0x17]S?[0xab][0xc7][0x94][0xd5][0xe1][0xac]cI*#[0xe2][0x1c][0xff][0xf0][0xa2]8x2xv[0xf0][0xec][0xf3][0xff][0xfe][0xfd]bp[0xf8]K[0xb1][0xf7][0xd7][0xf1][0xcf][0xbf][0x9f]n?[0xb2][0xcc]J[0xc5]2[0xcb][0x8]![0xcb][0xe5]~[0x1f])V[0xf6][0x1b][0xb][0xf0][0xf3]<[0x7]Y>[0xed]![0xea][0xdb]y[0x8a][0x93][0x4]H[0x9f][0x9][0xf4][0x11][0xb5][0xed]EX[0x8][[0x9]:[0x93]j[0xd5][0x86][0xe8][0x4]<[0x8d][0xf5][0xc9]q[0xd1]9m[0xb0][0x12]uA[0x8d][0xc6]][0x14]R[0x9f][0x4][0xdc][0xcb][0x84]-[0xd3][0x8c] [0x91]z[0xb6][0xa9][0xfc][0xad]W>*[0xff]A[\r][0xfc][0xee]D[0xbc][0xcb][0x1b][0xf5][0x84]uQN}[0x19][0xda][0xcd][0x1b][0xb]($[0xb4][0x1b]J[0xbb][0xd1]|[0xb][0xe0]L[0xa0][0x8][0xf][0xc5]A9R>[0xcb]D[0x4][0x8]{[0x92]rv[0x1]Yh[0x8f][0x2]E[0x9a][0xb2]$[0xd3]i[0x1]R>aU[0x16][0xcb][0x88]w[0x80][0x7]A=[0x1c]e[0xc4]n\[0xae]K[0x87]:U-][0x8a][0x19]h[0xa8][0x9b][0x97]C[0xa5][0xa2][0xd7]q[0x93]W[0x9b]Tz[0xd4][0xdf]z[0xb5][0xa2]dZ[0xa7][0xc][0xac]c[0x89][0x4]3[0xed][0xbe][0xe1]v[0x91][0xe8][0xd0]DB[0x9e][0xc]G[0x7][0x2]"[0xb8][0x99]W![0xc8]}[0xad]X*U0([0xc6][[0x11]a][0x95][0x88][0xeb][0xd7][0x11][0xce]$[0x87][0x18]%[0x11][0x91][0xc4][0xe6][0x1]D[0x1c][0x4]e^[0x1d][0xcb]T[0xa6][0xa6][0x18]t%[0x1b]7X6[0x84][0xc8][0xdc][0x98]J[0x95]>[0x91]i[0xbe][0xe3]u=A[0x18][0xce][0x3][0xdb][\n]"
2016-09-27 11:50:20  [ main:169 ] - [ DEBUG ]  http-outgoing-0 << "[0x1d][0xb2][0xaf]kOW[0x81]~[0xe8][0xa2][0xce]T[0xd2]`([0x8c]u[0x19]#[0xb9][0x18][0x15]Y[0xe5][0xa8][0xbc][0xd7][0x91][0xa9][0xda][0xd0]vb[0x86]{[0xce][0xd1]w{[0xa7][0xdf]?[0xb7]L|[0x1]B[0x95]i[0x88]y[0xa3][0xd9]R}:[0x6]Q[0x9][0xc7]A*[0xc9]4[0x90][0x18]'Si[0x80]|[0x1c][0xa0][0xf8]i[0xaf]x[0xfc]b[0x1a]@o[0xea][0xf1][0x1e][0xf4][0x15][0x1f][0x7]8[0xd9][0xfd][0xe4][0xf4][0xd7][0xaf][0xa7][0x1]HJ\<[0x15][0xa4][0xdc][0x99][0x0][0xd9][0xdf]/[0xbe][0xda][0xad]@[0x18][0x17]^[\n]"
2016-09-27 11:50:20  [ main:169 ] - [ DEBUG ]  http-outgoing-0 << "E35,[0xa3][0xee][0xad]&[0x16]4/L[0xab].[\r][0x96][0xca][0xb7]Y[0x1c]'m[0x99]Dv[0xcc][0xca][0xd7][0xac][0x9c]}3[0xad][0xe5][0x99][0xe6]-[0xf8]O[0xf4][0xff]L3[0x98]i[0x5][0xa3]6[0x9c]i[0xf9][0x8d][0xb3]X[0x97]h[0x9a]a[0xe4][0xc2][0xc]|^[0x1c]~[[0xf1]3[0xc7][0x8]j[0xa6]>[0xc][0x9a][0x18][0xae][0x82]z[0x9e]RI[0xae][0xce][\r]K[0xc2][0xd0][0x93]w[0xc2][0xae][0x9e][0xb5][0xe7][0x99]k[0xd6][0x99]=7[0x8f][0x8][0xf3][0xb8]O6[0xde][[[0x81][0xd2][0xe7][0xc][0x90][0xaf][0xe6][0x94][0xf9]<[0xaf]G[0xdc][0x83][0xf9][0xcd]Y][0x95][0xdc]<[0xba] [0x16][0x4][0xa7]^[0x88]l[0xdb]F[0x86][0x81][0x96][0x90][0xb1]d[0xa0]Ed[0xcc][0x1a][0xd7][0xe6][0x91]1[0xf2][0xd5]n([0xc1][0x9c]Q[0xf9]k@}[0x96]t[0xc][0xed][0xb1][0x11][0xb9][0xc6][0x98][0xcf]s[0xd7][0xda][0xd0][0xe][0xe7][0x92]r~[0x9a][0xc6]<%[0xe6]Y[0xfc][0xdc][0x94]R[0xb8][0xbb]4[0x1e][0xac]PyE[0xd9][0x86]OE[0x12][0xe1][0xfe]"r[0xc1][0x95][0xcd][0xb6][0xe1][0x1c]=[0xde]/~[0xfb]qp[0xb0][<[0xda][0xd6][0x1][0xae][0xe6][0xed][0xd4][0x86][0xb][0xe4][\n]"
2016-09-27 11:50:20  [ main:170 ] - [ DEBUG ]  http-outgoing-0 << "gP[0x19][0xba][0xff][0xca]e[0xe][0xeb]D[0xb5]v[0x14]^[0xa8][0x99][0x10][0xe6][0xeb][0xa8][0x4][0x9d][0xe2][0xc1][0xdf][0x83][0x83]/[0xab][0xce][0x9f]V[0xb2]4[0x1d]S^v9[0xc][0xee][0xb7][0xd5][0x9d][0xa8][0x89]%CK^[0xe2][0xcc]z<[0xe9][0xb7][0x9b][0xb][0x8d]7g[0x99]+[0x92]v[0xa9]W[0xbd][0xe][0xd3]?5[0xfb]~&[0xfb][0xa6]38|y[0xfc][0xcd][0x1f][0x15][0x91][0xe2][0xb3][0x87][0xc5][0xcb][0x7]'O[0xcb]YP![0x9c][0x1f]*[0xf7](f}:[0xe2]f[0xea][0xc0]zI- [0xc4]w[0xb1][0xb7][0xe9][0x1c]}[0xbc]s[0xb2][0xbb]][0xec]<<}[0xf2][0xa9][0xe2][![\r][0xe][0xfe]\[[0xb9]s[0xf2]t{[0xa1][0xb5][0xd0][0xb8][0xd1]*v[0xfe][0x19]ZP[0xb7][0xe4]e[0xd7]bW[0xa8][0x9e][0x2]oM[0xe5][0xf2]d&[0x86]+u[0xd7][0xab]M[0xfd][0xed][0xf4]?*[0xcb]4M[0x9][0x0][0x0][\r][\n]"
2016-09-27 11:50:20  [ main:170 ] - [ DEBUG ]  http-outgoing-0 << "0[\r][\n]"
2016-09-27 11:50:20  [ main:170 ] - [ DEBUG ]  http-outgoing-0 << "[\r][\n]"
2016-09-27 11:50:20  [ main:178 ] - [ DEBUG ]  Connection [id: 0][route: {}->http://www.baidu.com:80] can be kept alive indefinitely
2016-09-27 11:50:20  [ main:178 ] - [ DEBUG ]  Connection released: [id: 0][route: {}->http://www.baidu.com:80][total kept alive: 1; route allocated: 1 of 2; total allocated: 1 of 20]
2016-09-27 11:50:20  [ main:178 ] - [ DEBUG ]  Connection manager is shutting down
2016-09-27 11:50:20  [ main:178 ] - [ DEBUG ]  http-outgoing-0: Close connection
2016-09-27 11:50:20  [ main:179 ] - [ DEBUG ]  Connection manager shut down
2016-09-27 12:01:41  [ main:0 ] - [ DEBUG ]  CookieSpec selected: default
2016-09-27 12:01:41  [ main:24 ] - [ DEBUG ]  Auth cache not set in the context
2016-09-27 12:01:41  [ main:26 ] - [ DEBUG ]  Connection request: [route: {}->http://www.baidu.com:80][total kept alive: 0; route allocated: 0 of 2; total allocated: 0 of 20]
2016-09-27 12:01:41  [ main:54 ] - [ DEBUG ]  Connection leased: [id: 0][route: {}->http://www.baidu.com:80][total kept alive: 0; route allocated: 1 of 2; total allocated: 1 of 20]
2016-09-27 12:01:41  [ main:57 ] - [ DEBUG ]  Opening connection {}->http://www.baidu.com:80
2016-09-27 12:01:41  [ main:102 ] - [ DEBUG ]  Connecting to www.baidu.com/61.135.169.125:80
2016-09-27 12:01:41  [ main:115 ] - [ DEBUG ]  Connection established 10.12.129.51:53811<->61.135.169.125:80
2016-09-27 12:01:41  [ main:115 ] - [ DEBUG ]  Executing request GET / HTTP/1.1
2016-09-27 12:01:41  [ main:115 ] - [ DEBUG ]  Target auth state: UNCHALLENGED
2016-09-27 12:01:41  [ main:116 ] - [ DEBUG ]  Proxy auth state: UNCHALLENGED
2016-09-27 12:01:41  [ main:119 ] - [ DEBUG ]  http-outgoing-0 >> GET / HTTP/1.1
2016-09-27 12:01:41  [ main:119 ] - [ DEBUG ]  http-outgoing-0 >> Host: www.baidu.com
2016-09-27 12:01:41  [ main:120 ] - [ DEBUG ]  http-outgoing-0 >> Connection: Keep-Alive
2016-09-27 12:01:41  [ main:120 ] - [ DEBUG ]  http-outgoing-0 >> User-Agent: Apache-HttpClient/4.5.2 (Java/1.7.0_79)
2016-09-27 12:01:41  [ main:120 ] - [ DEBUG ]  http-outgoing-0 >> Accept-Encoding: gzip,deflate
2016-09-27 12:01:41  [ main:121 ] - [ DEBUG ]  http-outgoing-0 >> "GET / HTTP/1.1[\r][\n]"
2016-09-27 12:01:41  [ main:123 ] - [ DEBUG ]  http-outgoing-0 >> "Host: www.baidu.com[\r][\n]"
2016-09-27 12:01:41  [ main:123 ] - [ DEBUG ]  http-outgoing-0 >> "Connection: Keep-Alive[\r][\n]"
2016-09-27 12:01:41  [ main:123 ] - [ DEBUG ]  http-outgoing-0 >> "User-Agent: Apache-HttpClient/4.5.2 (Java/1.7.0_79)[\r][\n]"
2016-09-27 12:01:41  [ main:123 ] - [ DEBUG ]  http-outgoing-0 >> "Accept-Encoding: gzip,deflate[\r][\n]"
2016-09-27 12:01:41  [ main:124 ] - [ DEBUG ]  http-outgoing-0 >> "[\r][\n]"
2016-09-27 12:01:41  [ main:131 ] - [ DEBUG ]  http-outgoing-0 << "HTTP/1.1 200 OK[\r][\n]"
2016-09-27 12:01:41  [ main:131 ] - [ DEBUG ]  http-outgoing-0 << "Server: bfe/1.0.8.18[\r][\n]"
2016-09-27 12:01:41  [ main:132 ] - [ DEBUG ]  http-outgoing-0 << "Date: Tue, 27 Sep 2016 04:01:41 GMT[\r][\n]"
2016-09-27 12:01:41  [ main:132 ] - [ DEBUG ]  http-outgoing-0 << "Content-Type: text/html[\r][\n]"
2016-09-27 12:01:41  [ main:132 ] - [ DEBUG ]  http-outgoing-0 << "Last-Modified: Mon, 25 Jul 2016 11:11:23 GMT[\r][\n]"
2016-09-27 12:01:41  [ main:133 ] - [ DEBUG ]  http-outgoing-0 << "Transfer-Encoding: chunked[\r][\n]"
2016-09-27 12:01:41  [ main:133 ] - [ DEBUG ]  http-outgoing-0 << "Connection: Keep-Alive[\r][\n]"
2016-09-27 12:01:41  [ main:133 ] - [ DEBUG ]  http-outgoing-0 << "Cache-Control: private, no-cache, no-store, proxy-revalidate, no-transform[\r][\n]"
2016-09-27 12:01:41  [ main:134 ] - [ DEBUG ]  http-outgoing-0 << "Pragma: no-cache[\r][\n]"
2016-09-27 12:01:41  [ main:134 ] - [ DEBUG ]  http-outgoing-0 << "Set-Cookie: BDORZ=27315; max-age=86400; domain=.baidu.com; path=/[\r][\n]"
2016-09-27 12:01:41  [ main:134 ] - [ DEBUG ]  http-outgoing-0 << "Content-Encoding: gzip[\r][\n]"
2016-09-27 12:01:41  [ main:135 ] - [ DEBUG ]  http-outgoing-0 << "[\r][\n]"
2016-09-27 12:01:41  [ main:140 ] - [ DEBUG ]  http-outgoing-0 << HTTP/1.1 200 OK
2016-09-27 12:01:41  [ main:140 ] - [ DEBUG ]  http-outgoing-0 << Server: bfe/1.0.8.18
2016-09-27 12:01:41  [ main:141 ] - [ DEBUG ]  http-outgoing-0 << Date: Tue, 27 Sep 2016 04:01:41 GMT
2016-09-27 12:01:41  [ main:141 ] - [ DEBUG ]  http-outgoing-0 << Content-Type: text/html
2016-09-27 12:01:41  [ main:141 ] - [ DEBUG ]  http-outgoing-0 << Last-Modified: Mon, 25 Jul 2016 11:11:23 GMT
2016-09-27 12:01:41  [ main:141 ] - [ DEBUG ]  http-outgoing-0 << Transfer-Encoding: chunked
2016-09-27 12:01:41  [ main:142 ] - [ DEBUG ]  http-outgoing-0 << Connection: Keep-Alive
2016-09-27 12:01:41  [ main:142 ] - [ DEBUG ]  http-outgoing-0 << Cache-Control: private, no-cache, no-store, proxy-revalidate, no-transform
2016-09-27 12:01:41  [ main:142 ] - [ DEBUG ]  http-outgoing-0 << Pragma: no-cache
2016-09-27 12:01:41  [ main:143 ] - [ DEBUG ]  http-outgoing-0 << Set-Cookie: BDORZ=27315; max-age=86400; domain=.baidu.com; path=/
2016-09-27 12:01:41  [ main:143 ] - [ DEBUG ]  http-outgoing-0 << Content-Encoding: gzip
2016-09-27 12:01:41  [ main:153 ] - [ DEBUG ]  Connection can be kept alive indefinitely
2016-09-27 12:01:41  [ main:164 ] - [ DEBUG ]  Cookie accepted [BDORZ="27315", version:0, domain:baidu.com, path:/, expiry:null]
2016-09-27 12:01:42  [ main:378 ] - [ DEBUG ]  http-outgoing-0 << "477[\r][\n]"
2016-09-27 12:01:42  [ main:379 ] - [ DEBUG ]  http-outgoing-0 << "[0x1f][0x8b][0x8][0x0][0x0][0x0][0x0][0x0][0x0][0x3][0x85]V[o[0xdc]D[0x14]~G[0xe2]?L[0x8d][0x92][0xb4][0x8a]v[0x9d][0xdd]Ui[0xc9][0xda][0x8e]BH[0xa5][0x88][0x87]V4[0x91][0xe0]i5[0xb6][0xc7][0xeb]i[0xec][0x19][0xe3][0x19][0xaf][0xb3]<5[0x12]E ([0x1][0x95][0x8b][0xa0]H [0x4][\r][0xf]H[\r]"[0x12]UJ[0xda]?[0xb3][0xce][0xe5][0x89][0xbf][0xc0][0x19]{6[0xbb][0x9b]l[0xd4][0xd5]J[0xf6][0x9c]9[0xf3][0x9d][0xef]\[0xc7][0xd6][0x95]wn[0xaf][0xac]pg[0x15][0x85]2[0x8e][0x9c][0xd7]_[0xb3][0xae][0xd4]jw[0xd7][0x97][0xd7]7[0xee][0xa2][0xdb][0xef][0xd6]j[0x8e]U[0xca][0x91][0x15][0x12][0xec];VL$[0x6]M[0x99][0xd4][0xc8][0x87][0x19][0xed][0xd9][0x1e]g[0x92]0Y[0x93][0xfd][0x84] [0xbd][0xb0]%[0xd9][0x92][0xa6]:[0xd6][0xf6]B[0x9c][\n]"
2016-09-27 12:01:42  [ main:379 ] - [ DEBUG ]  http-outgoing-0 << ""[0xed]L[0x6][0xb5][0x9b][0x17]O[0xbf]_[0xdb]X[0xae][0xad][0xf0]8[0xc1][0x92][0xba][0xd1][0x8]`m[0xd5]^[0xf5][0xbb]D[0x1f][0x18][0xc2][0xe2]([0xc7]}[0x81][0x18][0x8e][0x89][0x9d][0x92][0x80][0xa4])I[0x1d]+[0xa2]l[0x13][0xa5]$[0xb2][0x85][0xec]GD[0x84][0x84]H[0xa4][0xd8]T,<!P[0x8][0xca][0xb6][0xe2][0xbc]h[0x9a][0xa2]Qw}![0xc1][0x9e]W[0xf7]xl[0xa6]f[0x9e][0xe7][0xa6][0x87][0xbd][0x90][0x98][0xae][0xcf][0xd3][0x8f]L[0x17]S?[0xab][0xc7][0x94][0xd5][0xe1][0xac]cI*#[0xe2][0x1c][0xff][0xf0][0xa2]8x2xv[0xf0][0xec][0xf3][0xff][0xfe][0xfd]bp[0xf8]K[0xb1][0xf7][0xd7][0xf1][0xcf][0xbf][0x9f]n?[0xb2][0xcc]J[0xc5]2[0xcb][0x8]![0xcb][0xe5]~[0x1f])V[0xf6][0x1b][0xb][0xf0][0xf3]<[0x7]Y>[0xed]![0xea][0xdb]y[0x8a][0x93][0x4]H[0x9f][0x9][0xf4][0x11][0xb5][0xed]EX[0x8][[0x9]:[0x93]j[0xd5][0x86][0xe8][0x4]<[0x8d][0xf5][0xc9]q[0xd1]9m[0xb0][0x12]uA[0x8d][0xc6]][0x14]R[0x9f][0x4][0xdc][0xcb][0x84]-[0xd3][0x8c] [0x91]z[0xb6][0xa9][0xfc][0xad]W>*[0xff]A[\r][0xfc][0xee]D[0xbc][0xcb][0x1b][0xf5][0x84]uQN}[0x19][0xda][0xcd][0x1b][0xb]($[0xb4][0x1b]J[0xbb][0xd1]|[0xb][0xe0]L[0xa0][0x8][0xf][0xc5]A9R>[0xcb]D[0x4][0x8]{[0x92]rv[0x1]Yh[0x8f][0x2]E[0x9a][0xb2]$[0xd3]i[0x1]R>aU[0x16][0xcb][0x88]w[0x80][0x7]A=[0x1c]e[0xc4]n\[0xae]K[0x87]:U-][0x8a][0x19]h[0xa8][0x9b][0x97]C[0xa5][0xa2][0xd7]q[0x93]W[0x9b]Tz[0xd4][0xdf]z[0xb5][0xa2]dZ[0xa7][0xc][0xac]c[0x89][0x4]3[0xed][0xbe][0xe1]v[0x91][0xe8][0xd0]DB[0x9e][0xc]G[0x7][0x2]"[0xb8][0x99]W![0xc8]}[0xad]X*U0([0xc6][[0x11]a][0x95][0x88][0xeb][0xd7][0x11][0xce]$[0x87][0x18]%[0x11][0x91][0xc4][0xe6][0x1]D[0x1c][0x4]e^[0x1d][0xcb]T[0xa6][0xa6][0x18]t%[0x1b]7X6[0x84][0xc8][0xdc][0x98]J[0x95]>[0x91]i[0xbe][0xe3]u=A[0x18][0xce][0x3][0xdb][\n]"
2016-09-27 12:01:42  [ main:380 ] - [ DEBUG ]  http-outgoing-0 << "[0x1d][0xb2][0xaf]kOW[0x81]~[0xe8][0xa2][0xce]T[0xd2]`([0x8c]u[0x19]#[0xb9][0x18][0x15]Y[0xe5][0xa8][0xbc][0xd7][0x91][0xa9][0xda][0xd0]vb[0x86]{[0xce][0xd1]w{[0xa7][0xdf]?[0xb7]L|[0x1]B[0x95]i[0x88]y[0xa3][0xd9]R}:[0x6]Q[0x9][0xc7]A*[0xc9]4[0x90][0x18]'Si[0x80]|[0x1c][0xa0][0xf8]i[0xaf]x[0xfc]b[0x1a]@o[0xea][0xf1][0x1e][0xf4][0x15][0x1f][0x7]8[0xd9][0xfd][0xe4][0xf4][0xd7][0xaf][0xa7][0x1]HJ\<[0x15][0xa4][0xdc][0x99][0x0][0xd9][0xdf]/[0xbe][0xda][0xad]@[0x18][0x17]^[\n]"
2016-09-27 12:01:42  [ main:380 ] - [ DEBUG ]  http-outgoing-0 << "E35,[0xa3][0xee][0xad]&[0x16]4/L[0xab].[\r][0x96][0xca][0xb7]Y[0x1c]'m[0x99]Dv[0xcc][0xca][0xd7][0xac][0x9c]}3[0xad][0xe5][0x99][0xe6]-[0xf8]O[0xf4][0xff]L3[0x98]i[0x5][0xa3]6[0x9c]i[0xf9][0x8d][0xb3]X[0x97]h[0x9a]a[0xe4][0xc2][0xc]|^[0x1c]~[[0xf1]3[0xc7][0x8]j[0xa6]>[0xc][0x9a][0x18][0xae][0x82]z[0x9e]RI[0xae][0xce][\r]K[0xc2][0xd0][0x93]w[0xc2][0xae][0x9e][0xb5][0xe7][0x99]k[0xd6][0x99]=7[0x8f][0x8][0xf3][0xb8]O6[0xde][[[0x81][0xd2][0xe7][0xc][0x90][0xaf][0xe6][0x94][0xf9]<[0xaf]G[0xdc][0x83][0xf9][0xcd]Y][0x95][0xdc]<[0xba] [0x16][0x4][0xa7]^[0x88]l[0xdb]F[0x86][0x81][0x96][0x90][0xb1]d[0xa0]Ed[0xcc][0x1a][0xd7][0xe6][0x91]1[0xf2][0xd5]n([0xc1][0x9c]Q[0xf9]k@}[0x96]t[0xc][0xed][0xb1][0x11][0xb9][0xc6][0x98][0xcf]s[0xd7][0xda][0xd0][0xe][0xe7][0x92]r~[0x9a][0xc6]<%[0xe6]Y[0xfc][0xdc][0x94]R[0xb8][0xbb]4[0x1e][0xac]PyE[0xd9][0x86]OE[0x12][0xe1][0xfe]"r[0xc1][0x95][0xcd][0xb6][0xe1][0x1c]=[0xde]/~[0xfb]qp[0xb0][<[0xda][0xd6][0x1][0xae][0xe6][0xed][0xd4][0x86][0xb][0xe4][\n]"
2016-09-27 12:01:42  [ main:380 ] - [ DEBUG ]  http-outgoing-0 << "gP[0x19][0xba][0xff][0xca]e[0xe][0xeb]D[0xb5]v[0x14]^[0xa8][0x99][0x10][0xe6][0xeb][0xa8][0x4][0x9d][0xe2][0xc1][0xdf][0x83][0x83]/[0xab][0xce][0x9f]V[0xb2]4[0x1d]S^v9[0xc][0xee][0xb7][0xd5][0x9d][0xa8][0x89]%CK^[0xe2][0xcc]z<[0xe9][0xb7][0x9b][0xb][0x8d]7g[0x99]+[0x92]v[0xa9]W[0xbd][0xe][0xd3]?5[0xfb]~&[0xfb][0xa6]38|y[0xfc][0xcd][0x1f][0x15][0x91][0xe2][0xb3][0x87][0xc5][0xcb][0x7]'O[0xcb]YP![0x9c][0x1f]*[0xf7](f}:[0xe2]f[0xea][0xc0]zI- [0xc4]w[0xb1][0xb7][0xe9][0x1c]}[0xbc]s[0xb2][0xbb]][0xec]<<}[0xf2][0xa9][0xe2][![\r][0xe][0xfe]\[[0xb9]s[0xf2]t{[0xa1][0xb5][0xd0][0xb8][0xd1]*v[0xfe][0x19]ZP[0xb7][0xe4]e[0xd7]bW[0xa8][0x9e][0x2]oM[0xe5][0xf2]d&[0x86]+u[0xd7][0xab]M[0xfd][0xed][0xf4]?*[0xcb]4M[0x9][0x0][0x0][\r][\n]"
2016-09-27 12:01:42  [ main:381 ] - [ DEBUG ]  http-outgoing-0 << "0[\r][\n]"
2016-09-27 12:01:42  [ main:381 ] - [ DEBUG ]  http-outgoing-0 << "[\r][\n]"
2016-09-27 12:01:42  [ main:382 ] - [ DEBUG ]  Connection [id: 0][route: {}->http://www.baidu.com:80] can be kept alive indefinitely
2016-09-27 12:01:42  [ main:382 ] - [ DEBUG ]  Connection released: [id: 0][route: {}->http://www.baidu.com:80][total kept alive: 1; route allocated: 1 of 2; total allocated: 1 of 20]
2016-09-27 12:01:42  [ main:383 ] - [ DEBUG ]  Connection manager is shutting down
2016-09-27 12:01:42  [ main:384 ] - [ DEBUG ]  http-outgoing-0: Close connection
2016-09-27 12:01:42  [ main:386 ] - [ DEBUG ]  Connection manager shut down
2016-09-27 12:02:05  [ main:0 ] - [ DEBUG ]  CookieSpec selected: default
2016-09-27 12:02:05  [ main:20 ] - [ DEBUG ]  Auth cache not set in the context
2016-09-27 12:02:05  [ main:22 ] - [ DEBUG ]  Connection request: [route: {}->http://www.baidu.com:80][total kept alive: 0; route allocated: 0 of 2; total allocated: 0 of 20]
2016-09-27 12:02:05  [ main:74 ] - [ DEBUG ]  Connection leased: [id: 0][route: {}->http://www.baidu.com:80][total kept alive: 0; route allocated: 1 of 2; total allocated: 1 of 20]
2016-09-27 12:02:05  [ main:78 ] - [ DEBUG ]  Opening connection {}->http://www.baidu.com:80
2016-09-27 12:02:05  [ main:178 ] - [ DEBUG ]  Connecting to www.baidu.com/61.135.169.121:80
2016-09-27 12:02:05  [ main:186 ] - [ DEBUG ]  Connection established 10.12.129.51:53817<->61.135.169.121:80
2016-09-27 12:02:05  [ main:186 ] - [ DEBUG ]  Executing request GET / HTTP/1.1
2016-09-27 12:02:05  [ main:186 ] - [ DEBUG ]  Target auth state: UNCHALLENGED
2016-09-27 12:02:05  [ main:187 ] - [ DEBUG ]  Proxy auth state: UNCHALLENGED
2016-09-27 12:02:05  [ main:190 ] - [ DEBUG ]  http-outgoing-0 >> GET / HTTP/1.1
2016-09-27 12:02:05  [ main:190 ] - [ DEBUG ]  http-outgoing-0 >> Host: www.baidu.com
2016-09-27 12:02:05  [ main:190 ] - [ DEBUG ]  http-outgoing-0 >> Connection: Keep-Alive
2016-09-27 12:02:05  [ main:190 ] - [ DEBUG ]  http-outgoing-0 >> User-Agent: Apache-HttpClient/4.5.2 (Java/1.7.0_79)
2016-09-27 12:02:05  [ main:191 ] - [ DEBUG ]  http-outgoing-0 >> Accept-Encoding: gzip,deflate
2016-09-27 12:02:05  [ main:191 ] - [ DEBUG ]  http-outgoing-0 >> "GET / HTTP/1.1[\r][\n]"
2016-09-27 12:02:05  [ main:192 ] - [ DEBUG ]  http-outgoing-0 >> "Host: www.baidu.com[\r][\n]"
2016-09-27 12:02:05  [ main:193 ] - [ DEBUG ]  http-outgoing-0 >> "Connection: Keep-Alive[\r][\n]"
2016-09-27 12:02:05  [ main:193 ] - [ DEBUG ]  http-outgoing-0 >> "User-Agent: Apache-HttpClient/4.5.2 (Java/1.7.0_79)[\r][\n]"
2016-09-27 12:02:05  [ main:193 ] - [ DEBUG ]  http-outgoing-0 >> "Accept-Encoding: gzip,deflate[\r][\n]"
2016-09-27 12:02:05  [ main:194 ] - [ DEBUG ]  http-outgoing-0 >> "[\r][\n]"
2016-09-27 12:02:05  [ main:200 ] - [ DEBUG ]  http-outgoing-0 << "HTTP/1.1 200 OK[\r][\n]"
2016-09-27 12:02:05  [ main:201 ] - [ DEBUG ]  http-outgoing-0 << "Server: bfe/1.0.8.18[\r][\n]"
2016-09-27 12:02:05  [ main:202 ] - [ DEBUG ]  http-outgoing-0 << "Date: Tue, 27 Sep 2016 04:02:05 GMT[\r][\n]"
2016-09-27 12:02:05  [ main:202 ] - [ DEBUG ]  http-outgoing-0 << "Content-Type: text/html[\r][\n]"
2016-09-27 12:02:05  [ main:202 ] - [ DEBUG ]  http-outgoing-0 << "Last-Modified: Mon, 25 Jul 2016 11:11:20 GMT[\r][\n]"
2016-09-27 12:02:05  [ main:203 ] - [ DEBUG ]  http-outgoing-0 << "Transfer-Encoding: chunked[\r][\n]"
2016-09-27 12:02:05  [ main:203 ] - [ DEBUG ]  http-outgoing-0 << "Connection: Keep-Alive[\r][\n]"
2016-09-27 12:02:05  [ main:203 ] - [ DEBUG ]  http-outgoing-0 << "Cache-Control: private, no-cache, no-store, proxy-revalidate, no-transform[\r][\n]"
2016-09-27 12:02:05  [ main:204 ] - [ DEBUG ]  http-outgoing-0 << "Pragma: no-cache[\r][\n]"
2016-09-27 12:02:05  [ main:204 ] - [ DEBUG ]  http-outgoing-0 << "Set-Cookie: BDORZ=27315; max-age=86400; domain=.baidu.com; path=/[\r][\n]"
2016-09-27 12:02:05  [ main:204 ] - [ DEBUG ]  http-outgoing-0 << "Content-Encoding: gzip[\r][\n]"
2016-09-27 12:02:05  [ main:204 ] - [ DEBUG ]  http-outgoing-0 << "[\r][\n]"
2016-09-27 12:02:05  [ main:209 ] - [ DEBUG ]  http-outgoing-0 << HTTP/1.1 200 OK
2016-09-27 12:02:05  [ main:209 ] - [ DEBUG ]  http-outgoing-0 << Server: bfe/1.0.8.18
2016-09-27 12:02:05  [ main:210 ] - [ DEBUG ]  http-outgoing-0 << Date: Tue, 27 Sep 2016 04:02:05 GMT
2016-09-27 12:02:05  [ main:210 ] - [ DEBUG ]  http-outgoing-0 << Content-Type: text/html
2016-09-27 12:02:05  [ main:210 ] - [ DEBUG ]  http-outgoing-0 << Last-Modified: Mon, 25 Jul 2016 11:11:20 GMT
2016-09-27 12:02:05  [ main:210 ] - [ DEBUG ]  http-outgoing-0 << Transfer-Encoding: chunked
2016-09-27 12:02:05  [ main:211 ] - [ DEBUG ]  http-outgoing-0 << Connection: Keep-Alive
2016-09-27 12:02:05  [ main:211 ] - [ DEBUG ]  http-outgoing-0 << Cache-Control: private, no-cache, no-store, proxy-revalidate, no-transform
2016-09-27 12:02:05  [ main:211 ] - [ DEBUG ]  http-outgoing-0 << Pragma: no-cache
2016-09-27 12:02:05  [ main:211 ] - [ DEBUG ]  http-outgoing-0 << Set-Cookie: BDORZ=27315; max-age=86400; domain=.baidu.com; path=/
2016-09-27 12:02:05  [ main:212 ] - [ DEBUG ]  http-outgoing-0 << Content-Encoding: gzip
2016-09-27 12:02:05  [ main:230 ] - [ DEBUG ]  Connection can be kept alive indefinitely
2016-09-27 12:02:05  [ main:240 ] - [ DEBUG ]  Cookie accepted [BDORZ="27315", version:0, domain:baidu.com, path:/, expiry:null]
2016-09-27 12:02:05  [ main:245 ] - [ DEBUG ]  http-outgoing-0 << "477[\r][\n]"
2016-09-27 12:02:05  [ main:245 ] - [ DEBUG ]  http-outgoing-0 << "[0x1f][0x8b][0x8][0x0][0x0][0x0][0x0][0x0][0x0][0x3][0x85]V[o[0xdc]D[0x14]~G[0xe2]?L[0x8d][0x92][0xb4][0x8a]v[0x9d][0xdd]Ui[0xc9][0xda][0x8e]BH[0xa5][0x88][0x87]V4[0x91][0xe0]i5[0xb6][0xc7][0xeb]i[0xec][0x19][0xe3][0x19][0xaf][0xb3]<5[0x12]E ([0x1][0x95][0x8b][0xa0]H [0x4][\r][0xf]H[\r]"[0x12]UJ[0xda]?[0xb3][0xce][0xe5][0x89][0xbf][0xc0][0x19]{6[0xbb][0x9b]l[0xd4][0xd5]J[0xf6][0x9c]9[0xf3][0x9d][0xef]\[0xc7][0xd6][0x95]wn[0xaf][0xac]pg[0x15][0x85]2[0x8e][0x9c][0xd7]_[0xb3][0xae][0xd4]jw[0xd7][0x97][0xd7]7[0xee][0xa2][0xdb][0xef][0xd6]j[0x8e]U[0xca][0x91][0x15][0x12][0xec];VL$[0x6]M[0x99][0xd4][0xc8][0x87][0x19][0xed][0xd9][0x1e]g[0x92]0Y[0x93][0xfd][0x84] [0xbd][0xb0]%[0xd9][0x92][0xa6]:[0xd6][0xf6]B[0x9c][\n]"
2016-09-27 12:02:05  [ main:246 ] - [ DEBUG ]  http-outgoing-0 << ""[0xed]L[0x6][0xb5][0x9b][0x17]O[0xbf]_[0xdb]X[0xae][0xad][0xf0]8[0xc1][0x92][0xba][0xd1][0x8]`m[0xd5]^[0xf5][0xbb]D[0x1f][0x18][0xc2][0xe2]([0xc7]}[0x81][0x18][0x8e][0x89][0x9d][0x92][0x80][0xa4])I[0x1d]+[0xa2]l[0x13][0xa5]$[0xb2][0x85][0xec]GD[0x84][0x84]H[0xa4][0xd8]T,<!P[0x8][0xca][0xb6][0xe2][0xbc]h[0x9a][0xa2]Qw}![0xc1][0x9e]W[0xf7]xl[0xa6]f[0x9e][0xe7][0xa6][0x87][0xbd][0x90][0x98][0xae][0xcf][0xd3][0x8f]L[0x17]S?[0xab][0xc7][0x94][0xd5][0xe1][0xac]cI*#[0xe2][0x1c][0xff][0xf0][0xa2]8x2xv[0xf0][0xec][0xf3][0xff][0xfe][0xfd]bp[0xf8]K[0xb1][0xf7][0xd7][0xf1][0xcf][0xbf][0x9f]n?[0xb2][0xcc]J[0xc5]2[0xcb][0x8]![0xcb][0xe5]~[0x1f])V[0xf6][0x1b][0xb][0xf0][0xf3]<[0x7]Y>[0xed]![0xea][0xdb]y[0x8a][0x93][0x4]H[0x9f][0x9][0xf4][0x11][0xb5][0xed]EX[0x8][[0x9]:[0x93]j[0xd5][0x86][0xe8][0x4]<[0x8d][0xf5][0xc9]q[0xd1]9m[0xb0][0x12]uA[0x8d][0xc6]][0x14]R[0x9f][0x4][0xdc][0xcb][0x84]-[0xd3][0x8c] [0x91]z[0xb6][0xa9][0xfc][0xad]W>*[0xff]A[\r][0xfc][0xee]D[0xbc][0xcb][0x1b][0xf5][0x84]uQN}[0x19][0xda][0xcd][0x1b][0xb]($[0xb4][0x1b]J[0xbb][0xd1]|[0xb][0xe0]L[0xa0][0x8][0xf][0xc5]A9R>[0xcb]D[0x4][0x8]{[0x92]rv[0x1]Yh[0x8f][0x2]E[0x9a][0xb2]$[0xd3]i[0x1]R>aU[0x16][0xcb][0x88]w[0x80][0x7]A=[0x1c]e[0xc4]n\[0xae]K[0x87]:U-][0x8a][0x19]h[0xa8][0x9b][0x97]C[0xa5][0xa2][0xd7]q[0x93]W[0x9b]Tz[0xd4][0xdf]z[0xb5][0xa2]dZ[0xa7][0xc][0xac]c[0x89][0x4]3[0xed][0xbe][0xe1]v[0x91][0xe8][0xd0]DB[0x9e][0xc]G[0x7][0x2]"[0xb8][0x99]W![0xc8]}[0xad]X*U0([0xc6][[0x11]a][0x95][0x88][0xeb][0xd7][0x11][0xce]$[0x87][0x18]%[0x11][0x91][0xc4][0xe6][0x1]D[0x1c][0x4]e^[0x1d][0xcb]T[0xa6][0xa6][0x18]t%[0x1b]7X6[0x84][0xc8][0xdc][0x98]J[0x95]>[0x91]i[0xbe][0xe3]u=A[0x18][0xce][0x3][0xdb][\n]"
2016-09-27 12:02:05  [ main:246 ] - [ DEBUG ]  http-outgoing-0 << "[0x1d][0xb2][0xaf]kOW[0x81]~[0xe8][0xa2][0xce]T[0xd2]`([0x8c]u[0x19]#[0xb9][0x18][0x15]Y[0xe5][0xa8][0xbc][0xd7][0x91][0xa9][0xda][0xd0]vb[0x86]{[0xce][0xd1]w{[0xa7][0xdf]?[0xb7]L|[0x1]B[0x95]i[0x88]y[0xa3][0xd9]R}:[0x6]Q[0x9][0xc7]A*[0xc9]4[0x90][0x18]'Si[0x80]|[0x1c][0xa0][0xf8]i[0xaf]x[0xfc]b[0x1a]@o[0xea][0xf1][0x1e][0xf4][0x15][0x1f][0x7]8[0xd9][0xfd][0xe4][0xf4][0xd7][0xaf][0xa7][0x1]HJ\<[0x15][0xa4][0xdc][0x99][0x0][0xd9][0xdf]/[0xbe][0xda][0xad]@[0x18][0x17]^[\n]"
2016-09-27 12:02:05  [ main:246 ] - [ DEBUG ]  http-outgoing-0 << "E35,[0xa3][0xee][0xad]&[0x16]4/L[0xab].[\r][0x96][0xca][0xb7]Y[0x1c]'m[0x99]Dv[0xcc][0xca][0xd7][0xac][0x9c]}3[0xad][0xe5][0x99][0xe6]-[0xf8]O[0xf4][0xff]L3[0x98]i[0x5][0xa3]6[0x9c]i[0xf9][0x8d][0xb3]X[0x97]h[0x9a]a[0xe4][0xc2][0xc]|^[0x1c]~[[0xf1]3[0xc7][0x8]j[0xa6]>[0xc][0x9a][0x18][0xae][0x82]z[0x9e]RI[0xae][0xce][\r]K[0xc2][0xd0][0x93]w[0xc2][0xae][0x9e][0xb5][0xe7][0x99]k[0xd6][0x99]=7[0x8f][0x8][0xf3][0xb8]O6[0xde][[[0x81][0xd2][0xe7][0xc][0x90][0xaf][0xe6][0x94][0xf9]<[0xaf]G[0xdc][0x83][0xf9][0xcd]Y][0x95][0xdc]<[0xba] [0x16][0x4][0xa7]^[0x88]l[0xdb]F[0x86][0x81][0x96][0x90][0xb1]d[0xa0]Ed[0xcc][0x1a][0xd7][0xe6][0x91]1[0xf2][0xd5]n([0xc1][0x9c]Q[0xf9]k@}[0x96]t[0xc][0xed][0xb1][0x11][0xb9][0xc6][0x98][0xcf]s[0xd7][0xda][0xd0][0xe][0xe7][0x92]r~[0x9a][0xc6]<%[0xe6]Y[0xfc][0xdc][0x94]R[0xb8][0xbb]4[0x1e][0xac]PyE[0xd9][0x86]OE[0x12][0xe1][0xfe]"r[0xc1][0x95][0xcd][0xb6][0xe1][0x1c]=[0xde]/~[0xfb]qp[0xb0][<[0xda][0xd6][0x1][0xae][0xe6][0xed][0xd4][0x86][0xb][0xe4][\n]"
2016-09-27 12:02:05  [ main:250 ] - [ DEBUG ]  http-outgoing-0 << "gP[0x19][0xba][0xff][0xca]e[0xe][0xeb]D[0xb5]v[0x14]^[0xa8][0x99][0x10][0xe6][0xeb][0xa8][0x4][0x9d][0xe2][0xc1][0xdf][0x83][0x83]/[0xab][0xce][0x9f]V[0xb2]4[0x1d]S^v9[0xc][0xee][0xb7][0xd5][0x9d][0xa8][0x89]%CK^[0xe2][0xcc]z<[0xe9][0xb7][0x9b][0xb][0x8d]7g[0x99]+[0x92]v[0xa9]W[0xbd][0xe][0xd3]?5[0xfb]~&[0xfb][0xa6]38|y[0xfc][0xcd][0x1f][0x15][0x91][0xe2][0xb3][0x87][0xc5][0xcb][0x7]'O[0xcb]YP![0x9c][0x1f]*[0xf7](f}:[0xe2]f[0xea][0xc0]zI- [0xc4]w[0xb1][0xb7][0xe9][0x1c]}[0xbc]s[0xb2][0xbb]][0xec]<<}[0xf2][0xa9][0xe2][![\r][0xe][0xfe]\[[0xb9]s[0xf2]t{[0xa1][0xb5][0xd0][0xb8][0xd1]*v[0xfe][0x19]ZP[0xb7][0xe4]e[0xd7]bW[0xa8][0x9e][0x2]oM[0xe5][0xf2]d&[0x86]+u[0xd7][0xab]M[0xfd][0xed][0xf4]?*[0xcb]4M[0x9][0x0][0x0][\r][\n]"
2016-09-27 12:02:05  [ main:251 ] - [ DEBUG ]  http-outgoing-0 << "0[\r][\n]"
2016-09-27 12:02:05  [ main:251 ] - [ DEBUG ]  http-outgoing-0 << "[\r][\n]"
2016-09-27 12:02:05  [ main:252 ] - [ DEBUG ]  Connection [id: 0][route: {}->http://www.baidu.com:80] can be kept alive indefinitely
2016-09-27 12:02:05  [ main:252 ] - [ DEBUG ]  Connection released: [id: 0][route: {}->http://www.baidu.com:80][total kept alive: 1; route allocated: 1 of 2; total allocated: 1 of 20]
2016-09-27 12:02:05  [ main:256 ] - [ DEBUG ]  Connection manager is shutting down
2016-09-27 12:02:05  [ main:256 ] - [ DEBUG ]  http-outgoing-0: Close connection
2016-09-27 12:02:05  [ main:257 ] - [ DEBUG ]  Connection manager shut down
